  chApplication.cpp
C:\directX\EngineTT\Engine_SOURCE\chApplication.h(23,8): error C3646: 'mHwnd': 알 수 없는 재정의 지정자입니다.
C:\directX\EngineTT\Engine_SOURCE\chApplication.h(23,13): error C4430: 형식 지정자가 없습니다. int로 가정합니다. 참고: C++에서는 기본 int를 지원하지 않습니다.
C:\directX\EngineTT\Engine_SOURCE\chApplication.h(24,7): error C3646: 'mHdc': 알 수 없는 재정의 지정자입니다.
C:\directX\EngineTT\Engine_SOURCE\chApplication.h(24,11): error C4430: 형식 지정자가 없습니다. int로 가정합니다. 참고: C++에서는 기본 int를 지원하지 않습니다.
C:\directX\EngineTT\Engine_SOURCE\chApplication.h(25,8): error C3646: 'mHeight': 알 수 없는 재정의 지정자입니다.
C:\directX\EngineTT\Engine_SOURCE\chApplication.h(25,15): error C4430: 형식 지정자가 없습니다. int로 가정합니다. 참고: C++에서는 기본 int를 지원하지 않습니다.
C:\directX\EngineTT\Engine_SOURCE\chApplication.h(26,8): error C3646: 'mWidth': 알 수 없는 재정의 지정자입니다.
C:\directX\EngineTT\Engine_SOURCE\chApplication.h(26,14): error C4430: 형식 지정자가 없습니다. int로 가정합니다. 참고: C++에서는 기본 int를 지원하지 않습니다.
  chCamera.cpp
  chCameraScript.cpp
  chComponent.cpp
  chEntity.cpp
  chInput.cpp
  chLayer.cpp
  chMath.cpp
  chMeshRenderer.cpp
  chPlayerScript.cpp
  chScene.cpp
  chSceneManager.cpp
  chScript.cpp
  chTime.cpp
  chTransform.cpp
  chGameObject.cpp
  chSpriteRenderer.cpp
  코드를 생성하고 있습니다...
